$ pytest
============================= test session starts ==============================
platform linux -- Python 3.11.5, pytest-9.0.3, pluggy-1.6.0
rootdir: /home/asuran/Downloads/hackathon-hq/work/snapmaker-u1/u1-companion
configfile: pyproject.toml
testpaths: tests
plugins: httpx-0.36.2, asyncio-1.3.0, mock-3.15.1, anyio-4.13.0, cov-5.0.0
asyncio: mode=Mode.AUTO, debug=False, asyncio_default_fixture_loop_scope=None, asyncio_default_test_loop_scope=function
collected 212 items

tests/test_integration.py .............................................. [ 21%]
..........................................                               [ 41%]
tests/test_real_moonraker_capture.py .........................           [ 53%]
tests/test_u1sim.py .................................................... [ 77%]
...............................................                          [100%]

============================= 212 passed in 8.82s ==============================

$ ruff check .
All checks passed!

$ ruff format --check .
28 files already formatted
